<?xml version="1.0" encoding="UTF-8"?>
<!-- Generated by org.testng.reporters.JUnitXMLReporter -->
<testsuite hostname="LAPTOP-FUMD4CGA" name="Test" tests="2" failures="2" timestamp="30 Apr 2020 02:20:18 GMT" time="20.141" errors="0">
  <testcase name="LinkAssertion" time="0.421" classname="Academy.Getphoneassertions">
    <failure type="java.lang.AssertionError" message="expected [Phone1] but found [Phones list]">
      <![CDATA[java.lang.AssertionError: expected [Phone1] but found [Phones list]
	at Academy.Getphoneassertions.LinkAssertion(Getphoneassertions.java:27)
... Removed 30 stack frames]]>
    </failure>
  </testcase> <!-- LinkAssertion -->
  <testcase name="LinkAssertion" time="0.434" classname="Academy.Getphoneassertions">
    <failure type="java.lang.NullPointerException">
      <![CDATA[java.lang.NullPointerException
	at resources.Driver.getScreenshot(Driver.java:66)
	at Academy.listeners.onTestFailure(listeners.java:40)
... Removed 21 stack frames]]>
    </failure>
  </testcase> <!-- LinkAssertion -->
</testsuite> <!-- Test -->
