<?xml version="1.0" encoding="UTF-8"?>
<testng-results skipped="0" failed="0" ignored="0" total="3" passed="3">
  <reporter-output>
  </reporter-output>
  <suite name="Suite" duration-ms="51589" started-at="2020-05-04T02:00:57 EDT" finished-at="2020-05-04T02:01:49 EDT">
    <groups>
    </groups>
    <test name="searchboxTest" duration-ms="22691" started-at="2020-05-04T02:00:57 EDT" finished-at="2020-05-04T02:01:20 EDT">
      <class name="Academy.Searchboxassertion">
        <test-method status="PASS" signature="initalise()[pri:0, instance:Academy.Searchboxassertion@51cdd8a]" name="initalise" is-config="true" duration-ms="17331" started-at="2020-05-04T02:00:57 EDT" finished-at="2020-05-04T02:01:15 EDT">
          <reporter-output>
          </reporter-output>
        </test-method> <!-- initalise -->
        <test-method status="PASS" signature="searchAssertion()[pri:0, instance:Academy.Searchboxassertion@51cdd8a]" name="searchAssertion" duration-ms="1077" started-at="2020-05-04T02:01:15 EDT" finished-at="2020-05-04T02:01:16 EDT">
          <reporter-output>
          </reporter-output>
        </test-method> <!-- searchAssertion -->
        <test-method status="PASS" signature="TearDown()[pri:0, instance:Academy.Searchboxassertion@51cdd8a]" name="TearDown" is-config="true" duration-ms="4183" started-at="2020-05-04T02:01:16 EDT" finished-at="2020-05-04T02:01:20 EDT">
          <reporter-output>
          </reporter-output>
        </test-method> <!-- TearDown -->
      </class> <!-- Academy.Searchboxassertion -->
    </test> <!-- searchboxTest -->
    <test name="homepageTest" duration-ms="28603" started-at="2020-05-04T02:01:20 EDT" finished-at="2020-05-04T02:01:49 EDT">
      <class name="Academy.HomePage">
        <test-method status="PASS" signature="initalise()[pri:0, instance:Academy.HomePage@57e1b0c]" name="initalise" is-config="true" duration-ms="9833" started-at="2020-05-04T02:01:20 EDT" finished-at="2020-05-04T02:01:30 EDT">
          <reporter-output>
          </reporter-output>
        </test-method> <!-- initalise -->
        <test-method status="PASS" signature="Home(java.lang.String, java.lang.String)[pri:0, instance:Academy.HomePage@57e1b0c]" name="Home" duration-ms="9630" started-at="2020-05-04T02:01:30 EDT" data-provider="getData" finished-at="2020-05-04T02:01:40 EDT">
          <params>
            <param index="0">
              <value>
                <![CDATA[Mary]]>
              </value>
            </param>
            <param index="1">
              <value>
                <![CDATA[password]]>
              </value>
            </param>
          </params>
          <reporter-output>
          </reporter-output>
        </test-method> <!-- Home -->
        <test-method status="PASS" signature="Home(java.lang.String, java.lang.String)[pri:0, instance:Academy.HomePage@57e1b0c]" name="Home" duration-ms="8968" started-at="2020-05-04T02:01:40 EDT" data-provider="getData" finished-at="2020-05-04T02:01:49 EDT">
          <params>
            <param index="0">
              <value>
                <![CDATA[Keshav]]>
              </value>
            </param>
            <param index="1">
              <value>
                <![CDATA[1234]]>
              </value>
            </param>
          </params>
          <reporter-output>
          </reporter-output>
        </test-method> <!-- Home -->
        <test-method status="PASS" signature="TearDown()[pri:0, instance:Academy.HomePage@57e1b0c]" name="TearDown" is-config="true" duration-ms="167" started-at="2020-05-04T02:01:49 EDT" finished-at="2020-05-04T02:01:49 EDT">
          <reporter-output>
          </reporter-output>
        </test-method> <!-- TearDown -->
      </class> <!-- Academy.HomePage -->
    </test> <!-- homepageTest -->
    <test name="AppTest" duration-ms="0" started-at="2020-05-04T02:01:49 EDT" finished-at="2020-05-04T02:01:49 EDT">
    </test> <!-- AppTest -->
  </suite> <!-- Suite -->
</testng-results>
