<?xml version="1.0" encoding="UTF-8"?>
<testsuite xmlns:xsi="http://www.w3.org/2001/XMLSchema-instance" xsi:noNamespaceSchemaLocation="https://maven.apache.org/surefire/maven-surefire-plugin/xsd/surefire-test-report-3.0.xsd" version="3.0" name="TestSuite" time="53.497" tests="3" errors="0" skipped="0" failures="0">
  <properties>
[...]
</properties>
  <testcase name="searchAssertion" classname="Academy.Searchboxassertion" time="1.075"/>
  <testcase name="Home" classname="Academy.HomePage" time="9.631"/>
  <testcase name="Home" classname="Academy.HomePage" time="8.968"/>
</testsuite>